<?xml version="1.0" encoding="UTF-8"?>
<!-- Generated by org.testng.reporters.JUnitReportReporter -->
<testsuite hostname="DESKTOP-5A78VGD" name="com.TestNG.Annotations4" tests="2" failures="0" timestamp="31 Oct 2019 05:12:44 GMT" time="0.032" errors="0">
  <testcase name="Inbox" time="0.016" classname="com.TestNG.Annotations4"/>
  <testcase name="ComposeMail" time="0.016" classname="com.TestNG.Annotations4"/>
</testsuite> <!-- com.TestNG.Annotations4 -->
