<?xml version="1.0" encoding="UTF-8"?>
<!-- Generated by org.testng.reporters.JUnitReportReporter -->
<testsuite hostname="DESKTOP-5A78VGD" name="com.TestNG.Annotations1" tests="4" failures="0" timestamp="31 Oct 2019 04:55:44 GMT" time="0.015" errors="0">
  <testcase name="Login" time="0.000" classname="com.TestNG.Annotations1"/>
  <testcase name="Inbox" time="0.000" classname="com.TestNG.Annotations1"/>
  <testcase name="gmailLaunch" time="0.000" classname="com.TestNG.Annotations1"/>
  <testcase name="ComposeMail" time="0.015" classname="com.TestNG.Annotations1"/>
</testsuite> <!-- com.TestNG.Annotations1 -->
