<?xml version="1.0" encoding="UTF-8"?>
<!-- Generated by org.testng.reporters.JUnitReportReporter -->
<testsuite skipped="0" hostname="DESKTOP-5A78VGD" name="com.panCardtesting.PanCardTestingTestNg" tests="1" failures="0" timestamp="03 Nov 2019 09:51:06 GMT" time="1.675" errors="0">
  <testcase name="PanTest" time="1.675" classname="com.panCardtesting.PanCardTestingTestNg"/>
</testsuite> <!-- com.panCardtesting.PanCardTestingTestNg -->
