<?xml version="1.0" encoding="UTF-8"?>
<!-- Generated by org.testng.reporters.JUnitReportReporter -->
<testsuite hostname="DESKTOP-5A78VGD" name="com.TestNG.Annotations2" tests="3" failures="0" timestamp="31 Oct 2019 04:59:26 GMT" time="0.031" errors="0">
  <testcase name="gmailLaunch" time="0.031" classname="com.TestNG.Annotations2"/>
  <testcase name="ComposeMail" time="0.000" classname="com.TestNG.Annotations2"/>
  <testcase name="Login" time="0.000" classname="com.TestNG.Annotations2"/>
</testsuite> <!-- com.TestNG.Annotations2 -->
