<?xml version="1.0" encoding="UTF-8"?>
<!-- Generated by org.testng.reporters.JUnitReportReporter -->
<testsuite skipped="1" hostname="DESKTOP-5A78VGD" name="com.TestNG.Anootations3" tests="3" failures="0" timestamp="01 Nov 2019 09:34:46 GMT" time="0.012" errors="0">
  <testcase name="Inbox" time="0.007" classname="com.TestNG.Anootations3"/>
  <testcase name="ComposeMail" time="0.005" classname="com.TestNG.Anootations3"/>
  <testcase name="SentMail" classname="com.TestNG.Anootations3">
    <skipped/>
  </testcase> <!-- SentMail -->
</testsuite> <!-- com.TestNG.Anootations3 -->
